2019-06-29T12:13:07+00:00 DEBUG ---[ New Import ] PHP Memory: 160 MB, WP Memory: 40 MB
2019-06-29T12:13:07+00:00 DEBUG Parsing products CSV.
2019-06-29T12:13:07+00:00 DEBUG Finished parsing products CSV.
2019-06-29T12:13:07+00:00 DEBUG ---
2019-06-29T12:13:07+00:00 DEBUG Processing products.
2019-06-29T12:13:07+00:00 DEBUG > Row 1 - preparing for import.
2019-06-29T12:13:07+00:00 DEBUG > > (537) Term Special (product_cat) exists? -
2019-06-29T12:13:07+00:00 DEBUG > Inserting Amberella Baby (cóc, dứa, lê)
2019-06-29T12:13:07+00:00 DEBUG > Inserted - post ID is 1585.
2019-06-29T12:13:07+00:00 DEBUG > > Importing image "http://fraicheur.vn/wp-content/uploads/2019/06/ambrella.png"
2019-06-29T12:13:07+00:00 DEBUG > > Inserted image attachment "http://fraicheur.vn/wp-content/uploads/2019/06/ambrella.png"
2019-06-29T12:13:07+00:00 DEBUG > > Imported image "http://fraicheur.vn/wp-content/uploads/2019/06/ambrella.png"
2019-06-29T12:13:07+00:00 DEBUG > > Images set
2019-06-29T12:13:07+00:00 DEBUG > Finished importing post ID 1585.
2019-06-29T12:13:07+00:00 DEBUG > Row 2 - preparing for import.
2019-06-29T12:13:07+00:00 DEBUG > Inserting Long Live Summer (Dưa hấu, dứa, chanh, lá bạc hà)
2019-06-29T12:13:07+00:00 DEBUG > Inserted - post ID is 1587.
2019-06-29T12:13:07+00:00 DEBUG > > Importing image "http://fraicheur.vn/wp-content/uploads/2019/06/Long-Live-Summer-.png"
2019-06-29T12:13:08+00:00 DEBUG > > Inserted image attachment "http://fraicheur.vn/wp-content/uploads/2019/06/Long-Live-Summer-.png"
2019-06-29T12:13:08+00:00 DEBUG > > Imported image "http://fraicheur.vn/wp-content/uploads/2019/06/Long-Live-Summer-.png"
2019-06-29T12:13:08+00:00 DEBUG > > Images set
2019-06-29T12:13:08+00:00 DEBUG > Finished importing post ID 1587.
2019-06-29T12:13:08+00:00 DEBUG > Row 3 - preparing for import.
2019-06-29T12:13:08+00:00 DEBUG > Inserting Wakey Wakey (chuối, lê, chanh leo)
2019-06-29T12:13:08+00:00 DEBUG > Inserted - post ID is 1591.
2019-06-29T12:13:08+00:00 DEBUG > Finished importing post ID 1591.
2019-06-29T12:13:08+00:00 DEBUG > Row 4 - preparing for import.
2019-06-29T12:13:08+00:00 DEBUG > Inserting Sunset (cà chua, dưa hấu, táo, chanh)
2019-06-29T12:13:08+00:00 DEBUG > Inserted - post ID is 1592.
2019-06-29T12:13:08+00:00 DEBUG > Finished importing post ID 1592.
2019-06-29T12:13:08+00:00 DEBUG > Row 5 - preparing for import.
2019-06-29T12:13:08+00:00 DEBUG > Inserting Red-blooded (Củ dền, nho, lê, chuối)
2019-06-29T12:13:08+00:00 DEBUG > Inserted - post ID is 1594.
2019-06-29T12:13:08+00:00 DEBUG > > Importing image "http://fraicheur.vn/wp-content/uploads/2019/06/redblood.png"
2019-06-29T12:13:08+00:00 DEBUG > > Inserted image attachment "http://fraicheur.vn/wp-content/uploads/2019/06/redblood.png"
2019-06-29T12:13:08+00:00 DEBUG > > Imported image "http://fraicheur.vn/wp-content/uploads/2019/06/redblood.png"
2019-06-29T12:13:08+00:00 DEBUG > > Images set
2019-06-29T12:13:08+00:00 DEBUG > Finished importing post ID 1594.
2019-06-29T12:13:08+00:00 DEBUG > Row 6 - preparing for import.
2019-06-29T12:13:08+00:00 DEBUG > Inserting SOSOfresh (dưa chuột, ổi, táo, lá bạc hà)
2019-06-29T12:13:08+00:00 DEBUG > Inserted - post ID is 1596.
2019-06-29T12:13:08+00:00 DEBUG > Finished importing post ID 1596.
2019-06-29T12:13:08+00:00 DEBUG > Row 7 - preparing for import.
2019-06-29T12:13:08+00:00 DEBUG > Inserting Boost Me Up (quýt, bưởi, lê)
2019-06-29T12:13:08+00:00 DEBUG > Inserted - post ID is 1601.
2019-06-29T12:13:08+00:00 DEBUG > > Importing image "http://fraicheur.vn/wp-content/uploads/2019/06/Boost-Me-Up.png"
2019-06-29T12:13:09+00:00 DEBUG > > Inserted image attachment "http://fraicheur.vn/wp-content/uploads/2019/06/Boost-Me-Up.png"
2019-06-29T12:13:09+00:00 DEBUG > > Imported image "http://fraicheur.vn/wp-content/uploads/2019/06/Boost-Me-Up.png"
2019-06-29T12:13:09+00:00 DEBUG > > Images set
2019-06-29T12:13:09+00:00 DEBUG > Finished importing post ID 1601.
2019-06-29T12:13:09+00:00 DEBUG > Row 8 - preparing for import.
2019-06-29T12:13:09+00:00 DEBUG > Inserting Nutrition Package
2019-06-29T12:13:09+00:00 DEBUG > Inserted - post ID is 1604.
2019-06-29T12:13:09+00:00 DEBUG > > Importing image "http://fraicheur.vn/wp-content/uploads/2016/09/juice-junkie1.jpg"
2019-06-29T12:13:09+00:00 DEBUG > > Inserted image attachment "http://fraicheur.vn/wp-content/uploads/2016/09/juice-junkie1.jpg"
2019-06-29T12:13:09+00:00 DEBUG > > Imported image "http://fraicheur.vn/wp-content/uploads/2016/09/juice-junkie1.jpg"
2019-06-29T12:13:09+00:00 DEBUG > > Images set
2019-06-29T12:13:09+00:00 DEBUG > Finished importing post ID 1604.
2019-06-29T12:13:09+00:00 DEBUG > Row 9 - preparing for import.
2019-06-29T12:13:09+00:00 DEBUG > Inserting Beauty Package
2019-06-29T12:13:09+00:00 DEBUG > Inserted - post ID is 1607.
2019-06-29T12:13:09+00:00 DEBUG > > Importing image "http://fraicheur.vn/wp-content/uploads/2016/08/product-03.jpg"
2019-06-29T12:13:09+00:00 DEBUG > > Inserted image attachment "http://fraicheur.vn/wp-content/uploads/2016/08/product-03.jpg"
2019-06-29T12:13:09+00:00 DEBUG > > Imported image "http://fraicheur.vn/wp-content/uploads/2016/08/product-03.jpg"
2019-06-29T12:13:09+00:00 DEBUG > > Images set
2019-06-29T12:13:09+00:00 DEBUG > Finished importing post ID 1607.
2019-06-29T12:13:09+00:00 DEBUG Finished processing products.
2019-06-29T12:13:10+00:00 DEBUG ---[ New Import ] PHP Memory: 160 MB, WP Memory: 40 MB
2019-06-29T12:13:10+00:00 DEBUG Parsing products CSV.
2019-06-29T12:13:10+00:00 DEBUG Finished parsing products CSV.
2019-06-29T12:13:10+00:00 DEBUG ---
2019-06-29T12:13:10+00:00 DEBUG Processing products.
2019-06-29T12:13:10+00:00 DEBUG > Row 1 - preparing for import.
2019-06-29T12:13:10+00:00 DEBUG > &#8220;1608&#8221; ID already exists.
2019-06-29T12:13:10+00:00 DEBUG > Row 2 - preparing for import.
2019-06-29T12:13:10+00:00 DEBUG > Inserting Juice Cleanse
2019-06-29T12:13:10+00:00 DEBUG > Inserted - post ID is 1611.
2019-06-29T12:13:10+00:00 DEBUG > > Importing image "http://fraicheur.vn/wp-content/uploads/2019/06/464535-PFQ1OO-512.jpg"
2019-06-29T12:13:11+00:00 DEBUG > > Inserted image attachment "http://fraicheur.vn/wp-content/uploads/2019/06/464535-PFQ1OO-512.jpg"
2019-06-29T12:13:11+00:00 DEBUG > > Imported image "http://fraicheur.vn/wp-content/uploads/2019/06/464535-PFQ1OO-512.jpg"
2019-06-29T12:13:11+00:00 DEBUG > > Images set
2019-06-29T12:13:11+00:00 DEBUG > Finished importing post ID 1611.
2019-06-29T12:13:11+00:00 DEBUG > Row 3 - preparing for import.
2019-06-29T12:13:11+00:00 DEBUG > Inserting Weightloss Package
2019-06-29T12:13:11+00:00 DEBUG > Inserted - post ID is 1613.
2019-06-29T12:13:11+00:00 DEBUG > > Importing image "http://fraicheur.vn/wp-content/uploads/2019/06/5706.jpg"
2019-06-29T12:13:11+00:00 DEBUG > > Inserted image attachment "http://fraicheur.vn/wp-content/uploads/2019/06/5706.jpg"
2019-06-29T12:13:11+00:00 DEBUG > > Imported image "http://fraicheur.vn/wp-content/uploads/2019/06/5706.jpg"
2019-06-29T12:13:11+00:00 DEBUG > > Images set
2019-06-29T12:13:11+00:00 DEBUG > Finished importing post ID 1613.
2019-06-29T12:13:11+00:00 DEBUG > Row 4 - preparing for import.
2019-06-29T12:13:11+00:00 DEBUG > > (537) Term Special (product_cat) exists? Array
(
    [term_id] => 73
    [term_taxonomy_id] => 73
)

2019-06-29T12:13:11+00:00 DEBUG > Inserting Eyes On You (Cà rốt, cam, dứa, táo)
2019-06-29T12:13:11+00:00 DEBUG > Inserted - post ID is 1697.
2019-06-29T12:13:11+00:00 DEBUG > > Importing image "http://fraicheur.vn/wp-content/uploads/2019/06/Eyes-On-You-.png"
2019-06-29T12:13:12+00:00 DEBUG > > Inserted image attachment "http://fraicheur.vn/wp-content/uploads/2019/06/Eyes-On-You-.png"
2019-06-29T12:13:12+00:00 DEBUG > > Imported image "http://fraicheur.vn/wp-content/uploads/2019/06/Eyes-On-You-.png"
2019-06-29T12:13:12+00:00 DEBUG > > Images set
2019-06-29T12:13:12+00:00 DEBUG > Finished importing post ID 1697.
2019-06-29T12:13:12+00:00 DEBUG > Row 5 - preparing for import.
2019-06-29T12:13:12+00:00 DEBUG > Inserting Mango Tango (xoài, táo, cam, gừng)
2019-06-29T12:13:12+00:00 DEBUG > Inserted - post ID is 1699.
2019-06-29T12:13:12+00:00 DEBUG > Finished importing post ID 1699.
2019-06-29T12:13:12+00:00 DEBUG > Row 6 - preparing for import.
2019-06-29T12:13:12+00:00 DEBUG > Inserting Pumkin Juice (bí đỏ, táo, chanh leo)
2019-06-29T12:13:12+00:00 DEBUG > Inserted - post ID is 1700.
2019-06-29T12:13:12+00:00 DEBUG > > Importing image "http://fraicheur.vn/wp-content/uploads/2019/06/Pumkin-Juice.png"
2019-06-29T12:13:12+00:00 DEBUG > > Inserted image attachment "http://fraicheur.vn/wp-content/uploads/2019/06/Pumkin-Juice.png"
2019-06-29T12:13:12+00:00 DEBUG > > Imported image "http://fraicheur.vn/wp-content/uploads/2019/06/Pumkin-Juice.png"
2019-06-29T12:13:12+00:00 DEBUG > > Images set
2019-06-29T12:13:12+00:00 DEBUG > Finished importing post ID 1700.
2019-06-29T12:13:12+00:00 DEBUG > Row 7 - preparing for import.
2019-06-29T12:13:12+00:00 DEBUG > &#8220;1701&#8221; ID already exists.
2019-06-29T12:13:12+00:00 DEBUG > Row 8 - preparing for import.
2019-06-29T12:13:12+00:00 DEBUG > Inserting Popeye’s Energy (Rau bina, ổi, dứa, cần tây)
2019-06-29T12:13:12+00:00 DEBUG > Inserted - post ID is 1704.
2019-06-29T12:13:12+00:00 DEBUG > > Importing image "http://fraicheur.vn/wp-content/uploads/2019/06/Popeye’s-Energy.png"
2019-06-29T12:13:13+00:00 DEBUG > > Inserted image attachment "http://fraicheur.vn/wp-content/uploads/2019/06/Popeye’s-Energy.png"
2019-06-29T12:13:13+00:00 DEBUG > > Imported image "http://fraicheur.vn/wp-content/uploads/2019/06/Popeye’s-Energy.png"
2019-06-29T12:13:13+00:00 DEBUG > > Images set
2019-06-29T12:13:13+00:00 DEBUG > Finished importing post ID 1704.
2019-06-29T12:13:13+00:00 DEBUG > Row 9 - preparing for import.
2019-06-29T12:13:13+00:00 DEBUG > Inserting Go Veggie (Súp lơ xanh, xà lách, bắp cải, táo, chanh, gừng)
2019-06-29T12:13:13+00:00 DEBUG > Inserted - post ID is 1707.
2019-06-29T12:13:13+00:00 DEBUG > > Importing image "http://fraicheur.vn/wp-content/uploads/2019/06/Go-Veggie-.png"
2019-06-29T12:13:13+00:00 DEBUG > > Inserted image attachment "http://fraicheur.vn/wp-content/uploads/2019/06/Go-Veggie-.png"
2019-06-29T12:13:13+00:00 DEBUG > > Imported image "http://fraicheur.vn/wp-content/uploads/2019/06/Go-Veggie-.png"
2019-06-29T12:13:13+00:00 DEBUG > > Images set
2019-06-29T12:13:13+00:00 DEBUG > Finished importing post ID 1707.
2019-06-29T12:13:13+00:00 DEBUG > Row 10 - preparing for import.
2019-06-29T12:13:13+00:00 DEBUG > Inserting Dragon Power (thanh long, lê, chanh, hạt chia)
2019-06-29T12:13:13+00:00 DEBUG > Inserted - post ID is 1710.
2019-06-29T12:13:13+00:00 DEBUG > > Importing image "http://fraicheur.vn/wp-content/uploads/2019/06/Dragon-Power-.png"
2019-06-29T12:13:14+00:00 DEBUG > > Inserted image attachment "http://fraicheur.vn/wp-content/uploads/2019/06/Dragon-Power-.png"
2019-06-29T12:13:14+00:00 DEBUG > > Imported image "http://fraicheur.vn/wp-content/uploads/2019/06/Dragon-Power-.png"
2019-06-29T12:13:14+00:00 DEBUG > > Images set
2019-06-29T12:13:14+00:00 DEBUG > Finished importing post ID 1710.
2019-06-29T12:13:14+00:00 DEBUG Finished processing products.
2019-06-29T12:13:15+00:00 DEBUG ---[ New Import ] PHP Memory: 160 MB, WP Memory: 40 MB
2019-06-29T12:13:15+00:00 DEBUG Parsing products CSV.
2019-06-29T12:13:15+00:00 DEBUG Finished parsing products CSV.
2019-06-29T12:13:15+00:00 DEBUG ---
2019-06-29T12:13:15+00:00 DEBUG Processing products.
2019-06-29T12:13:15+00:00 DEBUG > Row 1 - preparing for import.
2019-06-29T12:13:15+00:00 DEBUG > > (537) Term Special (product_cat) exists? Array
(
    [term_id] => 73
    [term_taxonomy_id] => 73
)

2019-06-29T12:13:15+00:00 DEBUG > &#8220;1711&#8221; ID already exists.
2019-06-29T12:13:15+00:00 DEBUG > Row 2 - preparing for import.
2019-06-29T12:13:15+00:00 DEBUG > Inserting Banana Song (Chuối, xoài, táo, đu đủ, dâu tây)
2019-06-29T12:13:15+00:00 DEBUG > Inserted - post ID is 1713.
2019-06-29T12:13:15+00:00 DEBUG > > Importing image "http://fraicheur.vn/wp-content/uploads/2017/05/home06_10.jpg"
2019-06-29T12:13:15+00:00 DEBUG > > Inserted image attachment "http://fraicheur.vn/wp-content/uploads/2017/05/home06_10.jpg"
2019-06-29T12:13:15+00:00 DEBUG > > Imported image "http://fraicheur.vn/wp-content/uploads/2017/05/home06_10.jpg"
2019-06-29T12:13:15+00:00 DEBUG > > Images set
2019-06-29T12:13:15+00:00 DEBUG > Finished importing post ID 1713.
2019-06-29T12:13:15+00:00 DEBUG > Row 3 - preparing for import.
2019-06-29T12:13:15+00:00 DEBUG > Inserting Lala-love (Dâu tây, dưa hấu, dứa, táo)
2019-06-29T12:13:15+00:00 DEBUG > Inserted - post ID is 1715.
2019-06-29T12:13:15+00:00 DEBUG > > Importing image "http://fraicheur.vn/wp-content/uploads/2019/06/Lala-love-.png"
2019-06-29T12:13:16+00:00 DEBUG > > Inserted image attachment "http://fraicheur.vn/wp-content/uploads/2019/06/Lala-love-.png"
2019-06-29T12:13:16+00:00 DEBUG > > Imported image "http://fraicheur.vn/wp-content/uploads/2019/06/Lala-love-.png"
2019-06-29T12:13:16+00:00 DEBUG > > Images set
2019-06-29T12:13:16+00:00 DEBUG > Finished importing post ID 1715.
2019-06-29T12:13:16+00:00 DEBUG > Row 4 - preparing for import.
2019-06-29T12:13:16+00:00 DEBUG > Inserting Crimson Fever (thanh long đỏ, củ dền, ổi, lê)
2019-06-29T12:13:16+00:00 DEBUG > Inserted - post ID is 1717.
2019-06-29T12:13:16+00:00 DEBUG > Finished importing post ID 1717.
2019-06-29T12:13:16+00:00 DEBUG > Row 5 - preparing for import.
2019-06-29T12:13:16+00:00 DEBUG > Inserting Pinky Baby (Nho, dâu tây, thanh long, cà chua)
2019-06-29T12:13:16+00:00 DEBUG > Inserted - post ID is 1718.
2019-06-29T12:13:16+00:00 DEBUG > > Importing image "http://fraicheur.vn/wp-content/uploads/2019/06/Pinky-Baby.png"
2019-06-29T12:13:18+00:00 DEBUG > > Inserted image attachment "http://fraicheur.vn/wp-content/uploads/2019/06/Pinky-Baby.png"
2019-06-29T12:13:18+00:00 DEBUG > > Imported image "http://fraicheur.vn/wp-content/uploads/2019/06/Pinky-Baby.png"
2019-06-29T12:13:18+00:00 DEBUG > > Images set
2019-06-29T12:13:18+00:00 DEBUG > Finished importing post ID 1718.
2019-06-29T12:13:18+00:00 DEBUG > Row 6 - preparing for import.
2019-06-29T12:13:18+00:00 DEBUG > > (537) Term Single (product_cat) exists? -
2019-06-29T12:13:18+00:00 DEBUG > Inserting Nước ép dưa hấu
2019-06-29T12:13:18+00:00 DEBUG > Inserted - post ID is 1721.
2019-06-29T12:13:18+00:00 DEBUG > > Importing image "http://fraicheur.vn/wp-content/uploads/2019/06/Bottle_4.png"
2019-06-29T12:13:19+00:00 DEBUG > > Inserted image attachment "http://fraicheur.vn/wp-content/uploads/2019/06/Bottle_4.png"
2019-06-29T12:13:19+00:00 DEBUG > > Imported image "http://fraicheur.vn/wp-content/uploads/2019/06/Bottle_4.png"
2019-06-29T12:13:19+00:00 DEBUG > > Images set
2019-06-29T12:13:19+00:00 DEBUG > Finished importing post ID 1721.
2019-06-29T12:13:19+00:00 DEBUG > Row 7 - preparing for import.
2019-06-29T12:13:19+00:00 DEBUG > Inserting Nước ép cà rốt
2019-06-29T12:13:19+00:00 DEBUG > Inserted - post ID is 1729.
2019-06-29T12:13:19+00:00 DEBUG > > Importing image "http://fraicheur.vn/wp-content/uploads/2019/06/Bottle_5.png"
2019-06-29T12:13:19+00:00 DEBUG > > Inserted image attachment "http://fraicheur.vn/wp-content/uploads/2019/06/Bottle_5.png"
2019-06-29T12:13:19+00:00 DEBUG > > Imported image "http://fraicheur.vn/wp-content/uploads/2019/06/Bottle_5.png"
2019-06-29T12:13:19+00:00 DEBUG > > Images set
2019-06-29T12:13:19+00:00 DEBUG > Finished importing post ID 1729.
2019-06-29T12:13:19+00:00 DEBUG > Row 8 - preparing for import.
2019-06-29T12:13:19+00:00 DEBUG > Inserting Nước ép dứa
2019-06-29T12:13:19+00:00 DEBUG > Inserted - post ID is 1732.
2019-06-29T12:13:20+00:00 DEBUG > > Importing image "http://fraicheur.vn/wp-content/uploads/2019/06/Bottle_1.png"
2019-06-29T12:13:20+00:00 DEBUG > > Inserted image attachment "http://fraicheur.vn/wp-content/uploads/2019/06/Bottle_1.png"
2019-06-29T12:13:20+00:00 DEBUG > > Imported image "http://fraicheur.vn/wp-content/uploads/2019/06/Bottle_1.png"
2019-06-29T12:13:20+00:00 DEBUG > > Images set
2019-06-29T12:13:20+00:00 DEBUG > Finished importing post ID 1732.
2019-06-29T12:13:20+00:00 DEBUG > Row 9 - preparing for import.
2019-06-29T12:13:20+00:00 DEBUG > &#8220;1733&#8221; ID already exists.
2019-06-29T12:13:20+00:00 DEBUG > Row 10 - preparing for import.
2019-06-29T12:13:20+00:00 DEBUG > Inserting Nước ép táo
2019-06-29T12:13:20+00:00 DEBUG > Inserted - post ID is 1734.
2019-06-29T12:13:20+00:00 DEBUG > Finished importing post ID 1734.
2019-06-29T12:13:20+00:00 DEBUG Finished processing products.
2019-06-29T12:13:21+00:00 DEBUG ---[ New Import ] PHP Memory: 160 MB, WP Memory: 40 MB
2019-06-29T12:13:21+00:00 DEBUG Parsing products CSV.
2019-06-29T12:13:21+00:00 DEBUG Finished parsing products CSV.
2019-06-29T12:13:21+00:00 DEBUG ---
2019-06-29T12:13:21+00:00 DEBUG Processing products.
2019-06-29T12:13:21+00:00 DEBUG > Row 1 - preparing for import.
2019-06-29T12:13:21+00:00 DEBUG > > (537) Term Single (product_cat) exists? Array
(
    [term_id] => 78
    [term_taxonomy_id] => 78
)

2019-06-29T12:13:21+00:00 DEBUG > Inserting Nước ép lê
2019-06-29T12:13:21+00:00 DEBUG > Inserted - post ID is 1735.
2019-06-29T12:13:21+00:00 DEBUG > Finished importing post ID 1735.
2019-06-29T12:13:21+00:00 DEBUG > Row 2 - preparing for import.
2019-06-29T12:13:21+00:00 DEBUG > Inserting Nước ép bưởi
2019-06-29T12:13:21+00:00 DEBUG > Inserted - post ID is 1736.
2019-06-29T12:13:21+00:00 DEBUG > Finished importing post ID 1736.
2019-06-29T12:13:21+00:00 DEBUG > Row 3 - preparing for import.
2019-06-29T12:13:21+00:00 DEBUG > Inserting Nước ép cam
2019-06-29T12:13:21+00:00 DEBUG > Inserted - post ID is 1737.
2019-06-29T12:13:21+00:00 DEBUG > Finished importing post ID 1737.
2019-06-29T12:13:21+00:00 DEBUG > Row 4 - preparing for import.
2019-06-29T12:13:21+00:00 DEBUG > Inserting Nước ép quýt
2019-06-29T12:13:21+00:00 DEBUG > Inserted - post ID is 1738.
2019-06-29T12:13:21+00:00 DEBUG > Finished importing post ID 1738.
2019-06-29T12:13:21+00:00 DEBUG > Row 5 - preparing for import.
2019-06-29T12:13:21+00:00 DEBUG > Inserting Trà đào cam sả
2019-06-29T12:13:21+00:00 DEBUG > Inserted - post ID is 1739.
2019-06-29T12:13:21+00:00 DEBUG > Finished importing post ID 1739.
2019-06-29T12:13:21+00:00 DEBUG > Row 6 - preparing for import.
2019-06-29T12:13:21+00:00 DEBUG > Inserting Trà đào cam sả
2019-06-29T12:13:21+00:00 DEBUG > Inserted - post ID is 1740.
2019-06-29T12:13:22+00:00 DEBUG > Finished importing post ID 1740.
2019-06-29T12:13:22+00:00 DEBUG > Row 7 - preparing for import.
2019-06-29T12:13:22+00:00 DEBUG > Inserting Trà táo bạc hà
2019-06-29T12:13:22+00:00 DEBUG > Inserted - post ID is 1742.
2019-06-29T12:13:22+00:00 DEBUG > Finished importing post ID 1742.
2019-06-29T12:13:22+00:00 DEBUG > Row 8 - preparing for import.
2019-06-29T12:13:22+00:00 DEBUG > Inserting Trà chanh mật ong hạt chia
2019-06-29T12:13:22+00:00 DEBUG > Inserted - post ID is 1744.
2019-06-29T12:13:22+00:00 DEBUG > Finished importing post ID 1744.
2019-06-29T12:13:22+00:00 DEBUG Finished processing products.
